<?xml version="1.0" encoding="UTF-8"?>
<!-- Generated by org.testng.reporters.JUnitXMLReporter -->
<testsuite ignored="0" hostname="LAPTOP-PU8VKKP8" failures="1" tests="4" name="Test" time="0.044" errors="0" timestamp="2022-07-05T12:52:10 IST">
  <testcase classname="testNGtest.LoginOrange" name="@BeforeTest setUp" time="-1.657005730789E9">
    <failure type="org.testng.TestNGException" message="
Parameter &amp;apos;browser&amp;apos; is required by BeforeTest on method setUp but has not been marked @Optional or defined
in C:\Users\JINTO\eclipse-workspace\OrangeHRMUsingPOM\OrangePOM.xml">
      <![CDATA[org.testng.TestNGException: 
Parameter 'browser' is required by BeforeTest on method setUp but has not been marked @Optional or defined
in C:\Users\JINTO\eclipse-workspace\OrangeHRMUsingPOM\OrangePOM.xml
... Removed 21 stack frames]]>
    </failure>
  </testcase> <!-- @BeforeTest setUp -->
  <testcase classname="test.LoginTestOrange" name="@BeforeTest setUp" time="-1.657005730796E9">
    <skipped/>
  </testcase> <!-- @BeforeTest setUp -->
  <testcase classname="testNGtest.LoginOrange" name="@AfterTest tearDown" time="-1.657005730829E9">
    <skipped/>
  </testcase> <!-- @AfterTest tearDown -->
  <testcase classname="test.LoginTestOrange" name="@AfterTest tearDown" time="-1.657005730829E9">
    <skipped/>
  </testcase> <!-- @AfterTest tearDown -->
  <testcase classname="testNGtest.LoginOrange" name="ValidLogin" time="0.0">
    <failure type="org.testng.TestNGException" message="
Parameter &amp;apos;username&amp;apos; is required by @Test on method ValidLogin but has not been marked @Optional or defined
in C:\Users\JINTO\eclipse-workspace\OrangeHRMUsingPOM\OrangePOM.xml">
      <![CDATA[org.testng.TestNGException: 
Parameter 'username' is required by @Test on method ValidLogin but has not been marked @Optional or defined
in C:\Users\JINTO\eclipse-workspace\OrangeHRMUsingPOM\OrangePOM.xml
at java.base/java.util.ArrayList.forEach(ArrayList.java:1511)
... Removed 26 stack frames]]>
    </failure>
  </testcase> <!-- ValidLogin -->
  <testcase classname="testNGtest.LoginOrange" name="invalidLogin" time="0.0">
    <skipped/>
  </testcase> <!-- invalidLogin -->
  <testcase classname="testNGtest.LoginOrange" name="invalidLogin" time="0.0">
    <skipped/>
  </testcase> <!-- invalidLogin -->
  <testcase classname="test.LoginTestOrange" name="loginTest" time="0.0">
    <skipped/>
  </testcase> <!-- loginTest -->
</testsuite> <!-- Test -->
